<?xml version="1.0" encoding="UTF-8" ?>
<testsuite errors="1" failures="0" hostname="Viniciuss-MacBook-Pro.local" name="WalletTest" skipped="0" tests="1" time="0.052" timestamp="2022-11-21T22:29:47">
  <properties>
    <property name="gopherProxySet" value="false" />
    <property name="ant.library.dir" value="/opt/homebrew/Cellar/ant/1.10.12/libexec/lib" />
    <property name="awt.toolkit" value="sun.lwawt.macosx.LWCToolkit" />
    <property name="ant.file.type" value="file" />
    <property name="java.specification.version" value="11" />
    <property name="lib" value="/Users/vini2001/Desktop/UFMG_2022/2º Semestre/ESII/AulaPratica6/lib" />
    <property name="ant.project.name" value="Wallet" />
    <property name="sun.cpu.isalist" value="" />
    <property name="sun.jnu.encoding" value="UTF-8" />
    <property name="dist" value="/Users/vini2001/Desktop/UFMG_2022/2º Semestre/ESII/AulaPratica6/dist" />
    <property name="java.class.path" value="/opt/homebrew/Cellar/ant/1.10.12/libexec/lib/ant-launcher.jar:/opt/homebrew/share/ant:/opt/homebrew/Cellar/ant/1.10.12/libexec/lib/bcel-6.5.0.jar:/opt/homebrew/Cellar/ant/1.10.12/libexec/lib/ant-commons-net.jar:/opt/homebrew/Cellar/ant/1.10.12/libexec/lib/ant-xz.jar:/opt/homebrew/Cellar/ant/1.10.12/libexec/lib/ant-junit4.jar:/opt/homebrew/Cellar/ant/1.10.12/libexec/lib/ant-jai.jar:/opt/homebrew/Cellar/ant/1.10.12/libexec/lib/ant-apache-resolver.jar:/opt/homebrew/Cellar/ant/1.10.12/libexec/lib/ant-jdepend.jar:/opt/homebrew/Cellar/ant/1.10.12/libexec/lib/ant-apache-regexp.jar:/opt/homebrew/Cellar/ant/1.10.12/libexec/lib/ant-apache-log4j.jar:/opt/homebrew/Cellar/ant/1.10.12/libexec/lib/ant-javamail.jar:/opt/homebrew/Cellar/ant/1.10.12/libexec/lib/ant-apache-bcel.jar:/opt/homebrew/Cellar/ant/1.10.12/libexec/lib/ant.jar:/opt/homebrew/Cellar/ant/1.10.12/libexec/lib/ant-netrexx.jar:/opt/homebrew/Cellar/ant/1.10.12/libexec/lib/ant-swing.jar:/opt/homebrew/Cellar/ant/1.10.12/libexec/lib/ant-jsch.jar:/opt/homebrew/Cellar/ant/1.10.12/libexec/lib/ant-junitlauncher.jar:/opt/homebrew/Cellar/ant/1.10.12/libexec/lib/ivy-2.5.0.jar:/opt/homebrew/Cellar/ant/1.10.12/libexec/lib/ant-junit.jar:/opt/homebrew/Cellar/ant/1.10.12/libexec/lib/ant-imageio.jar:/opt/homebrew/Cellar/ant/1.10.12/libexec/lib/ant-launcher.jar:/opt/homebrew/Cellar/ant/1.10.12/libexec/lib/ant-antlr.jar:/opt/homebrew/Cellar/ant/1.10.12/libexec/lib/ant-testutil.jar:/opt/homebrew/Cellar/ant/1.10.12/libexec/lib/ant-apache-oro.jar:/opt/homebrew/Cellar/ant/1.10.12/libexec/lib/ant-jmf.jar:/opt/homebrew/Cellar/ant/1.10.12/libexec/lib/ant-apache-xalan2.jar:/opt/homebrew/Cellar/ant/1.10.12/libexec/lib/ant-apache-bsf.jar:/opt/homebrew/Cellar/ant/1.10.12/libexec/lib/ant-commons-logging.jar" />
    <property name="TALK" value="true" />
    <property name="java.vm.vendor" value="Oracle Corporation" />
    <property name="sun.arch.data.model" value="64" />
    <property name="java.vendor.url" value="https://openjdk.java.net/" />
    <property name="user.timezone" value="" />
    <property name="os.name" value="Mac OS X" />
    <property name="java.vm.specification.version" value="11" />
    <property name="DSTAMP" value="20221121" />
    <property name="tst-dir" value="/Users/vini2001/Desktop/UFMG_2022/2º Semestre/ESII/AulaPratica6/test" />
    <property name="sun.java.launcher" value="SUN_STANDARD" />
    <property name="user.country" value="GB" />
    <property name="sun.boot.library.path" value="/Library/Java/JavaVirtualMachines/jdk-11.0.12.jdk/Contents/Home/lib" />
    <property name="sun.java.command" value="org.apache.tools.ant.launch.Launcher -cp  -lib /opt/homebrew/share/ant run-test" />
    <property name="http.nonProxyHosts" value="local|*.local|169.254/16|*.169.254/16" />
    <property name="jdk.debug" value="release" />
    <property name="sun.cpu.endian" value="little" />
    <property name="user.home" value="/Users/vini2001" />
    <property name="user.language" value="en" />
    <property name="java.specification.vendor" value="Oracle Corporation" />
    <property name="java.version.date" value="2021-07-20" />
    <property name="java.home" value="/Library/Java/JavaVirtualMachines/jdk-11.0.12.jdk/Contents/Home" />
    <property name="basedir" value="/Users/vini2001/Desktop/UFMG_2022/2º Semestre/ESII/AulaPratica6" />
    <property name="file.separator" value="/" />
    <property name="java.vm.compressedOopsMode" value="Zero based" />
    <property name="line.separator" value="&#xa;" />
    <property name="ant.java.version" value="11" />
    <property name="java.specification.name" value="Java Platform API Specification" />
    <property name="java.vm.specification.vendor" value="Oracle Corporation" />
    <property name="java.awt.graphicsenv" value="sun.awt.CGraphicsEnvironment" />
    <property name="TSTAMP" value="1929" />
    <property name="sun.management.compiler" value="HotSpot 64-Bit Tiered Compilers" />
    <property name="ftp.nonProxyHosts" value="local|*.local|169.254/16|*.169.254/16" />
    <property name="ant.file.Wallet" value="/Users/vini2001/Desktop/UFMG_2022/2º Semestre/ESII/AulaPratica6/build.xml" />
    <property name="java.runtime.version" value="11.0.12+8-LTS-237" />
    <property name="user.name" value="vini2001" />
    <property name="ant.file" value="/Users/vini2001/Desktop/UFMG_2022/2º Semestre/ESII/AulaPratica6/build.xml" />
    <property name="path.separator" value=":" />
    <property name="os.version" value="11.5" />
    <property name="java.runtime.name" value="Java(TM) SE Runtime Environment" />
    <property name="file.encoding" value="UTF-8" />
    <property name="ant.project.invoked-targets" value="run-test" />
    <property name="java.vm.name" value="Java HotSpot(TM) 64-Bit Server VM" />
    <property name="java.vendor.version" value="18.9" />
    <property name="ant.core.lib" value="/opt/homebrew/Cellar/ant/1.10.12/libexec/lib/ant.jar" />
    <property name="java.vendor.url.bug" value="https://bugreport.java.com/bugreport/" />
    <property name="java.io.tmpdir" value="/var/folders/dx/69dqttw97x15rfqbnn934mz40000gn/T/" />
    <property name="java.version" value="11.0.12" />
    <property name="src" value="/Users/vini2001/Desktop/UFMG_2022/2º Semestre/ESII/AulaPratica6" />
    <property name="TODAY" value="November 21 2022" />
    <property name="user.dir" value="/Users/vini2001/Desktop/UFMG_2022/2º Semestre/ESII/AulaPratica6" />
    <property name="os.arch" value="x86_64" />
    <property name="java.vm.specification.name" value="Java Virtual Machine Specification" />
    <property name="java.awt.printerjob" value="sun.lwawt.macosx.CPrinterJob" />
    <property name="ant.home" value="/opt/homebrew/Cellar/ant/1.10.12/libexec" />
    <property name="sun.os.patch.level" value="unknown" />
    <property name="ant.version" value="Apache Ant(TM) version 1.10.12 compiled on October 13 2021" />
    <property name="ant.file.type.Wallet" value="file" />
    <property name="java.library.path" value="/Users/vini2001/Library/Java/Extensions:/Library/Java/Extensions:/Network/Library/Java/Extensions:/System/Library/Java/Extensions:/usr/lib/java:." />
    <property name="java.vendor" value="Oracle Corporation" />
    <property name="java.vm.info" value="mixed mode" />
    <property name="java.vm.version" value="11.0.12+8-LTS-237" />
    <property name="build" value="/Users/vini2001/Desktop/UFMG_2022/2º Semestre/ESII/AulaPratica6/build" />
    <property name="sun.io.unicode.encoding" value="UnicodeBig" />
    <property name="socksNonProxyHosts" value="local|*.local|169.254/16|*.169.254/16" />
    <property name="java.class.version" value="55.0" />
    <property name="ant.project.default-target" value="dist" />
  </properties>
  <testcase classname="WalletTest" name="initializationError" time="0.008">
    <error message="org/hamcrest/SelfDescribing" type="java.lang.NoClassDefFoundError">java.lang.NoClassDefFoundError: org/hamcrest/SelfDescribing
	at java.base/java.lang.ClassLoader.defineClass1(Native Method)
	at java.base/java.lang.ClassLoader.defineClass(ClassLoader.java:1016)
	at java.base/java.lang.ClassLoader.loadClass(ClassLoader.java:521)
	at java.base/jdk.internal.reflect.NativeConstructorAccessorImpl.newInstance0(Native Method)
	at java.base/jdk.internal.reflect.NativeConstructorAccessorImpl.newInstance(NativeConstructorAccessorImpl.java:62)
	at java.base/jdk.internal.reflect.DelegatingConstructorAccessorImpl.newInstance(DelegatingConstructorAccessorImpl.java:45)
	at java.base/java.lang.reflect.Constructor.newInstance(Constructor.java:490)
	at java.base/jdk.internal.reflect.NativeMethodAccessorImpl.invoke0(Native Method)
	at java.base/jdk.internal.reflect.NativeMethodAccessorImpl.invoke(NativeMethodAccessorImpl.java:62)
	at java.base/jdk.internal.reflect.DelegatingMethodAccessorImpl.invoke(DelegatingMethodAccessorImpl.java:43)
Caused by: java.lang.ClassNotFoundException: org.hamcrest.SelfDescribing
	at java.base/java.lang.ClassLoader.loadClass(ClassLoader.java:521)
</error>
  </testcase>
  <system-out><![CDATA[]]></system-out>
  <system-err><![CDATA[]]></system-err>
</testsuite>
